
=== Sun Dec 28 22:47:20 2025

Packages were changed.
Update Mode: updateDependencies

The following packages were added:
  com.unity.2d.sprite@1.0.0
  com.unity.2d.tilemap@1.0.0
  com.unity.collab-proxy@2.10.2
  com.unity.ide.rider@3.0.38
  com.unity.ide.visualstudio@2.0.25
  com.unity.modules.adaptiveperformance@1.0.0
  com.unity.modules.androidjni@1.0.0
  com.unity.modules.vectorgraphics@1.0.0
  com.unity.test-framework@1.6.0
  com.unity.timeline@1.8.9
  com.unity.ugui@2.0.0
  com.unity.xr.legacyinputhelpers@2.1.13
  com.unity.ai.navigation@2.0.9
  com.unity.modules.accessibility@1.0.0
  com.unity.multiplayer.center@1.0.1
The following packages were updated:
  com.unity.ads from version 2.0.8 to 4.16.4
  com.unity.analytics from version 2.0.16 to 3.8.2
  com.unity.purchasing from version 2.0.3 to 4.14.0
The following packages were removed:
  com.unity.package-manager-ui@1.9.11
  com.unity.textmeshpro@1.2.4
